<?xml version="1.0" encoding="UTF-8"?>
<coverage generated="1669153019232" clover="3.2.0">
  <project timestamp="1669153019232" name="All files">
    <metrics statements="4" coveredstatements="3" conditionals="4" coveredconditionals="3" methods="1" coveredmethods="1" elements="9" coveredelements="7" complexity="0" loc="4" ncloc="4" packages="1" files="1" classes="1"/>
    <file name="sum.js" path="/home/gustavo/Documentos/trybe-exercicios/fundamentos/secao-javaScript-ES6/dia-03-matchers-e-cobertura-de-codigos/sum.js">
      <metrics statements="4" coveredstatements="3" conditionals="4" coveredconditionals="3" methods="1" coveredmethods="1"/>
      <line num="2" count="2" type="cond" truecount="3" falsecount="1"/>
      <line num="3" count="0" type="stmt"/>
      <line num="6" count="2" type="stmt"/>
      <line num="9" count="1" type="stmt"/>
    </file>
  </project>
</coverage>
