<?xml version="1.0" encoding="UTF-8"?>
<coverage generated="1669154606162" clover="3.2.0">
  <project timestamp="1669154606162" name="All files">
    <metrics statements="9" coveredstatements="8" conditionals="4" coveredconditionals="3" methods="2" coveredmethods="2" elements="15" coveredelements="13" complexity="0" loc="9" ncloc="9" packages="1" files="2" classes="2"/>
    <file name="printMessage.js" path="/home/gustavo/Documentos/trybe-exercicios/fundamentos/secao-javaScript-ES6/dia-03-matchers-e-cobertura-de-codigos/printMessage.js">
      <metrics statements="5" coveredstatements="5" conditionals="0" coveredconditionals="0" methods="1" coveredmethods="1"/>
      <line num="2" count="1" type="stmt"/>
      <line num="8" count="1" type="stmt"/>
      <line num="9" count="3" type="stmt"/>
      <line num="12" count="1" type="stmt"/>
      <line num="14" count="1" type="stmt"/>
    </file>
    <file name="sum.js" path="/home/gustavo/Documentos/trybe-exercicios/fundamentos/secao-javaScript-ES6/dia-03-matchers-e-cobertura-de-codigos/sum.js">
      <metrics statements="4" coveredstatements="3" conditionals="4" coveredconditionals="3" methods="1" coveredmethods="1"/>
      <line num="2" count="2" type="cond" truecount="3" falsecount="1"/>
      <line num="3" count="0" type="stmt"/>
      <line num="6" count="2" type="stmt"/>
      <line num="9" count="1" type="stmt"/>
    </file>
  </project>
</coverage>
