{"/home/gustavo/Documentos/trybe-exercicios/fundamentos/secao-javaScript-ES6/dia-03-matchers-e-cobertura-de-codigos/printMessage.js": {"path":"/home/gustavo/Documentos/trybe-exercicios/fundamentos/secao-javaScript-ES6/dia-03-matchers-e-cobertura-de-codigos/printMessage.js","statementMap":{"0":{"start":{"line":2,"column":11},"end":{"line":6,"column":1}},"1":{"start":{"line":8,"column":21},"end":{"line":10,"column":1}},"2":{"start":{"line":9,"column":2},"end":{"line":9,"column":54}},"3":{"start":{"line":12,"column":0},"end":{"line":12,"column":32}},"4":{"start":{"line":14,"column":0},"end":{"line":14,"column":40}}},"fnMap":{"0":{"name":"(anonymous_0)","decl":{"start":{"line":8,"column":21},"end":{"line":8,"column":22}},"loc":{"start":{"line":8,"column":40},"end":{"line":10,"column":1}},"line":8}},"branchMap":{},"s":{"0":1,"1":1,"2":3,"3":1,"4":1},"f":{"0":3},"b":{},"_coverageSchema":"1a1c01bbd47fc00a2c39e90264f33305004495a9","hash":"9e55b1a58539418012476ca55fcda8a769a8bcfc"}
,"/home/gustavo/Documentos/trybe-exercicios/fundamentos/secao-javaScript-ES6/dia-03-matchers-e-cobertura-de-codigos/sum.js": {"path":"/home/gustavo/Documentos/trybe-exercicios/fundamentos/secao-javaScript-ES6/dia-03-matchers-e-cobertura-de-codigos/sum.js","statementMap":{"0":{"start":{"line":2,"column":2},"end":{"line":4,"column":3}},"1":{"start":{"line":3,"column":4},"end":{"line":3,"column":50}},"2":{"start":{"line":6,"column":2},"end":{"line":6,"column":15}},"3":{"start":{"line":9,"column":0},"end":{"line":9,"column":21}}},"fnMap":{"0":{"name":"sum","decl":{"start":{"line":1,"column":9},"end":{"line":1,"column":12}},"loc":{"start":{"line":1,"column":19},"end":{"line":7,"column":1}},"line":1}},"branchMap":{"0":{"loc":{"start":{"line":2,"column":2},"end":{"line":4,"column":3}},"type":"if","locations":[{"start":{"line":2,"column":2},"end":{"line":4,"column":3}},{"start":{},"end":{}}],"line":2},"1":{"loc":{"start":{"line":2,"column":6},"end":{"line":2,"column":52}},"type":"binary-expr","locations":[{"start":{"line":2,"column":6},"end":{"line":2,"column":27}},{"start":{"line":2,"column":31},"end":{"line":2,"column":52}}],"line":2}},"s":{"0":2,"1":0,"2":2,"3":1},"f":{"0":2},"b":{"0":[0,2],"1":[2,2]},"_coverageSchema":"1a1c01bbd47fc00a2c39e90264f33305004495a9","hash":"df1d8a6b1423ab342efdd988ad0f51e5b852dd67"}
}
